The system is: Linux - 6.6.87.1-microsoft-standard-WSL2 - x86_64
Compiling the C compiler identification source file "CMakeCCompilerId.c" succeeded.
Compiler: /home/raincut/anaconda3/envs/stewart/bin/cc 
Build flags: 
Id flags:  

The output was:
0


Compilation of the C compiler identification source "CMakeCCompilerId.c" produced "a.out"

The C compiler identification is GNU, found in "/home/raincut/stewart_mujoco/src/inverse_kinematics/build/CMakeFiles/3.22.1/CompilerIdC/a.out"

Compiling the CXX compiler identification source file "CMakeCXXCompilerId.cpp" succeeded.
Compiler: /usr/bin/c++ 
Build flags: 
Id flags:  

The output was:
0


Compilation of the CXX compiler identification source "CMakeCXXCompilerId.cpp" produced "a.out"

The CXX compiler identification is GNU, found in "/home/raincut/stewart_mujoco/src/inverse_kinematics/build/CMakeFiles/3.22.1/CompilerIdCXX/a.out"

Detecting C compiler ABI info compiled with the following output:
Change Dir: /home/raincut/stewart_mujoco/src/inverse_kinematics/build/CMakeFiles/CMakeTmp

Run Build Command(s):/usr/bin/gmake -f Makefile cmTC_e6f89/fast && /usr/bin/gmake  -f CMakeFiles/cmTC_e6f89.dir/build.make CMakeFiles/cmTC_e6f89.dir/build
gmake[1]: Entering directory '/home/raincut/stewart_mujoco/src/inverse_kinematics/build/CMakeFiles/CMakeTmp'
Building C object CMakeFiles/cmTC_e6f89.dir/CMakeCCompilerABI.c.o
/home/raincut/anaconda3/envs/stewart/bin/cc   -v -o CMakeFiles/cmTC_e6f89.dir/CMakeCCompilerABI.c.o -c /usr/share/cmake-3.22/Modules/CMakeCCompilerABI.c
Reading specs from /home/raincut/anaconda3/envs/stewart/bin/../lib/gcc/x86_64-conda-linux-gnu/15.1.0/specs
Reading specs from /home/raincut/anaconda3/envs/stewart/bin/../lib/gcc/x86_64-conda-linux-gnu/15.1.0/conda.specs
COLLECT_GCC=/home/raincut/anaconda3/envs/stewart/bin/cc
Target: x86_64-conda-linux-gnu
Configured with: ../configure --prefix=/home/conda/feedstock_root/build_artifacts/gcc_compilers_1746638752229/_h_env_placehold_placehold_placehold_placehold_placehold_placehold_placehold_placehold_placehold_placehold_placehold_placehold_placehold_placehold_placehold_placehold_placehold_placeho --with-slibdir=/home/conda/feedstock_root/build_artifacts/gcc_compilers_1746638752229/_h_env_placehold_placehold_placehold_placehold_placehold_placehold_placehold_placehold_placehold_placehold_placehold_placehold_placehold_placehold_placehold_placehold_placehold_placeho/lib --libdir=/home/conda/feedstock_root/build_artifacts/gcc_compilers_1746638752229/_h_env_placehold_placehold_placehold_placehold_placehold_placehold_placehold_placehold_placehold_placehold_placehold_placehold_placehold_placehold_placehold_placehold_placehold_placeho/lib --mandir=/home/conda/feedstock_root/build_artifacts/gcc_compilers_1746638752229/_h_env_placehold_placehold_placehold_placehold_placehold_placehold_placehold_placehold_placehold_placehold_placehold_placehold_placehold_placehold_placehold_placehold_placehold_placeho/man --build=x86_64-conda-linux-gnu --host=x86_64-conda-linux-gnu --target=x86_64-conda-linux-gnu --enable-languages=c,c++,fortran,objc,obj-c++ --enable-__cxa_atexit --disable-libmudflap --enable-libgomp --disable-libssp --enable-libquadmath --enable-libquadmath-support --enable-lto --enable-target-optspace --enable-plugin --enable-gold --disable-nls --disable-bootstrap --disable-multilib --enable-long-long --with-sysroot=/home/conda/feedstock_root/build_artifacts/gcc_compilers_1746638752229/_h_env_placehold_placehold_placehold_placehold_placehold_placehold_placehold_placehold_placehold_placehold_placehold_placehold_placehold_placehold_placehold_placehold_placehold_placeho/x86_64-conda-linux-gnu/sysroot --with-build-sysroot=/home/conda/feedstock_root/build_artifacts/gcc_compilers_1746638752229/work/cf-compilers/x86_64-conda-linux-gnu/sysroot --with-native-system-header-dir=/usr/include --with-gxx-include-dir=/home/conda/feedstock_root/build_artifacts/gcc_compilers_1746638752229/_h_env_placehold_placehold_placehold_placehold_placehold_placehold_placehold_placehold_placehold_placehold_placehold_placehold_placehold_placehold_placehold_placehold_placehold_placeho/lib/gcc/x86_64-conda-linux-gnu/15.1.0/include/c++ --with-pkgversion='conda-forge gcc 15.1.0-2' --with-bugurl=https://github.com/conda-forge/ctng-compilers-feedstock/issues/new/choose --enable-libsanitizer --enable-default-pie --enable-threads=posix
Thread model: posix
Supported LTO compression algorithms: zlib
gcc version 15.1.0 (conda-forge gcc 15.1.0-2) 
COLLECT_GCC_OPTIONS='-v' '-o' 'CMakeFiles/cmTC_e6f89.dir/CMakeCCompilerABI.c.o' '-c' '-mtune=generic' '-march=x86-64' '-dumpdir' 'CMakeFiles/cmTC_e6f89.dir/'
 /home/raincut/anaconda3/envs/stewart/bin/../libexec/gcc/x86_64-conda-linux-gnu/15.1.0/cc1 -quiet -v -iprefix /home/raincut/anaconda3/envs/stewart/bin/../lib/gcc/x86_64-conda-linux-gnu/15.1.0/ -isysroot /home/raincut/anaconda3/envs/stewart/bin/../x86_64-conda-linux-gnu/sysroot /usr/share/cmake-3.22/Modules/CMakeCCompilerABI.c -quiet -dumpdir CMakeFiles/cmTC_e6f89.dir/ -dumpbase CMakeCCompilerABI.c.c -dumpbase-ext .c -mtune=generic -march=x86-64 -version -idirafter /home/raincut/anaconda3/envs/stewart/include -o /tmp/ccJwIZnI.s
GNU C23 (conda-forge gcc 15.1.0-2) version 15.1.0 (x86_64-conda-linux-gnu)
	compiled by GNU C version 14.2.0, GMP version 6.2.1, MPFR version 4.1.0, MPC version 1.2.1, isl version isl-0.24-GMP

GGC heuristics: --param ggc-min-expand=100 --param ggc-min-heapsize=131072
ignoring nonexistent directory "/home/raincut/anaconda3/envs/stewart/bin/../lib/gcc/x86_64-conda-linux-gnu/15.1.0/../../../../x86_64-conda-linux-gnu/include"
ignoring duplicate directory "/home/raincut/anaconda3/envs/stewart/bin/../lib/gcc/../../lib/gcc/x86_64-conda-linux-gnu/15.1.0/include"
ignoring nonexistent directory "/home/raincut/anaconda3/envs/stewart/bin/../x86_64-conda-linux-gnu/sysroot/usr/local/include"
ignoring duplicate directory "/home/raincut/anaconda3/envs/stewart/bin/../lib/gcc/../../lib/gcc/x86_64-conda-linux-gnu/15.1.0/include-fixed"
ignoring nonexistent directory "/home/raincut/anaconda3/envs/stewart/bin/../lib/gcc/../../lib/gcc/x86_64-conda-linux-gnu/15.1.0/../../../../x86_64-conda-linux-gnu/include"
#include "..." search starts here:
#include <...> search starts here:
 /home/raincut/anaconda3/envs/stewart/bin/../lib/gcc/x86_64-conda-linux-gnu/15.1.0/include
 /home/raincut/anaconda3/envs/stewart/bin/../lib/gcc/x86_64-conda-linux-gnu/15.1.0/include-fixed
 /home/raincut/anaconda3/envs/stewart/bin/../x86_64-conda-linux-gnu/sysroot/usr/include
 /home/raincut/anaconda3/envs/stewart/include
End of search list.
Compiler executable checksum: 92bf94f8dfdd0ebbfe562d19a913b665
COLLECT_GCC_OPTIONS='-v' '-o' 'CMakeFiles/cmTC_e6f89.dir/CMakeCCompilerABI.c.o' '-c' '-mtune=generic' '-march=x86-64' '-dumpdir' 'CMakeFiles/cmTC_e6f89.dir/'
 /home/raincut/anaconda3/envs/stewart/bin/../lib/gcc/x86_64-conda-linux-gnu/15.1.0/../../../../x86_64-conda-linux-gnu/bin/as -v --64 -o CMakeFiles/cmTC_e6f89.dir/CMakeCCompilerABI.c.o /tmp/ccJwIZnI.s
GNU assembler version 2.40 (x86_64-conda-linux-gnu) using BFD version (Anaconda binutils) 2.40
COMPILER_PATH=/home/raincut/anaconda3/envs/stewart/bin/../libexec/gcc/x86_64-conda-linux-gnu/15.1.0/:/home/raincut/anaconda3/envs/stewart/bin/../libexec/gcc/:/home/raincut/anaconda3/envs/stewart/bin/../lib/gcc/x86_64-conda-linux-gnu/15.1.0/../../../../x86_64-conda-linux-gnu/bin/
LIBRARY_PATH=/home/raincut/anaconda3/envs/stewart/bin/../lib/gcc/x86_64-conda-linux-gnu/15.1.0/:/home/raincut/anaconda3/envs/stewart/bin/../lib/gcc/:/home/raincut/anaconda3/envs/stewart/bin/../lib/gcc/x86_64-conda-linux-gnu/15.1.0/../../../../x86_64-conda-linux-gnu/lib/../lib/:/home/raincut/anaconda3/envs/stewart/bin/../lib/gcc/x86_64-conda-linux-gnu/15.1.0/../../../../lib/:/home/raincut/anaconda3/envs/stewart/bin/../x86_64-conda-linux-gnu/sysroot/lib/../lib/:/home/raincut/anaconda3/envs/stewart/bin/../x86_64-conda-linux-gnu/sysroot/usr/lib/../lib/:/home/raincut/anaconda3/envs/stewart/bin/../lib/gcc/x86_64-conda-linux-gnu/15.1.0/../../../../x86_64-conda-linux-gnu/lib/:/home/raincut/anaconda3/envs/stewart/bin/../lib/gcc/x86_64-conda-linux-gnu/15.1.0/../../../:/home/raincut/anaconda3/envs/stewart/bin/../x86_64-conda-linux-gnu/sysroot/lib/:/home/raincut/anaconda3/envs/stewart/bin/../x86_64-conda-linux-gnu/sysroot/usr/lib/
COLLECT_GCC_OPTIONS='-v' '-o' 'CMakeFiles/cmTC_e6f89.dir/CMakeCCompilerABI.c.o' '-c' '-mtune=generic' '-march=x86-64' '-dumpdir' 'CMakeFiles/cmTC_e6f89.dir/CMakeCCompilerABI.c.'
Linking C executable cmTC_e6f89
/usr/bin/cmake -E cmake_link_script CMakeFiles/cmTC_e6f89.dir/link.txt --verbose=1
/home/raincut/anaconda3/envs/stewart/bin/cc  -v CMakeFiles/cmTC_e6f89.dir/CMakeCCompilerABI.c.o -o cmTC_e6f89 
Reading specs from /home/raincut/anaconda3/envs/stewart/bin/../lib/gcc/x86_64-conda-linux-gnu/15.1.0/specs
Reading specs from /home/raincut/anaconda3/envs/stewart/bin/../lib/gcc/x86_64-conda-linux-gnu/15.1.0/conda.specs
COLLECT_GCC=/home/raincut/anaconda3/envs/stewart/bin/cc
COLLECT_LTO_WRAPPER=/home/raincut/anaconda3/envs/stewart/bin/../libexec/gcc/x86_64-conda-linux-gnu/15.1.0/lto-wrapper
Target: x86_64-conda-linux-gnu
Configured with: ../configure --prefix=/home/conda/feedstock_root/build_artifacts/gcc_compilers_1746638752229/_h_env_placehold_placehold_placehold_placehold_placehold_placehold_placehold_placehold_placehold_placehold_placehold_placehold_placehold_placehold_placehold_placehold_placehold_placeho --with-slibdir=/home/conda/feedstock_root/build_artifacts/gcc_compilers_1746638752229/_h_env_placehold_placehold_placehold_placehold_placehold_placehold_placehold_placehold_placehold_placehold_placehold_placehold_placehold_placehold_placehold_placehold_placehold_placeho/lib --libdir=/home/conda/feedstock_root/build_artifacts/gcc_compilers_1746638752229/_h_env_placehold_placehold_placehold_placehold_placehold_placehold_placehold_placehold_placehold_placehold_placehold_placehold_placehold_placehold_placehold_placehold_placehold_placeho/lib --mandir=/home/conda/feedstock_root/build_artifacts/gcc_compilers_1746638752229/_h_env_placehold_placehold_placehold_placehold_placehold_placehold_placehold_placehold_placehold_placehold_placehold_placehold_placehold_placehold_placehold_placehold_placehold_placeho/man --build=x86_64-conda-linux-gnu --host=x86_64-conda-linux-gnu --target=x86_64-conda-linux-gnu --enable-languages=c,c++,fortran,objc,obj-c++ --enable-__cxa_atexit --disable-libmudflap --enable-libgomp --disable-libssp --enable-libquadmath --enable-libquadmath-support --enable-lto --enable-target-optspace --enable-plugin --enable-gold --disable-nls --disable-bootstrap --disable-multilib --enable-long-long --with-sysroot=/home/conda/feedstock_root/build_artifacts/gcc_compilers_1746638752229/_h_env_placehold_placehold_placehold_placehold_placehold_placehold_placehold_placehold_placehold_placehold_placehold_placehold_placehold_placehold_placehold_placehold_placehold_placeho/x86_64-conda-linux-gnu/sysroot --with-build-sysroot=/home/conda/feedstock_root/build_artifacts/gcc_compilers_1746638752229/work/cf-compilers/x86_64-conda-linux-gnu/sysroot --with-native-system-header-dir=/usr/include --with-gxx-include-dir=/home/conda/feedstock_root/build_artifacts/gcc_compilers_1746638752229/_h_env_placehold_placehold_placehold_placehold_placehold_placehold_placehold_placehold_placehold_placehold_placehold_placehold_placehold_placehold_placehold_placehold_placehold_placeho/lib/gcc/x86_64-conda-linux-gnu/15.1.0/include/c++ --with-pkgversion='conda-forge gcc 15.1.0-2' --with-bugurl=https://github.com/conda-forge/ctng-compilers-feedstock/issues/new/choose --enable-libsanitizer --enable-default-pie --enable-threads=posix
Thread model: posix
Supported LTO compression algorithms: zlib
gcc version 15.1.0 (conda-forge gcc 15.1.0-2) 
COMPILER_PATH=/home/raincut/anaconda3/envs/stewart/bin/../libexec/gcc/x86_64-conda-linux-gnu/15.1.0/:/home/raincut/anaconda3/envs/stewart/bin/../libexec/gcc/:/home/raincut/anaconda3/envs/stewart/bin/../lib/gcc/x86_64-conda-linux-gnu/15.1.0/../../../../x86_64-conda-linux-gnu/bin/
LIBRARY_PATH=/home/raincut/anaconda3/envs/stewart/bin/../lib/gcc/x86_64-conda-linux-gnu/15.1.0/:/home/raincut/anaconda3/envs/stewart/bin/../lib/gcc/:/home/raincut/anaconda3/envs/stewart/bin/../lib/gcc/x86_64-conda-linux-gnu/15.1.0/../../../../x86_64-conda-linux-gnu/lib/../lib/:/home/raincut/anaconda3/envs/stewart/bin/../lib/gcc/x86_64-conda-linux-gnu/15.1.0/../../../../lib/:/home/raincut/anaconda3/envs/stewart/bin/../x86_64-conda-linux-gnu/sysroot/lib/../lib/:/home/raincut/anaconda3/envs/stewart/bin/../x86_64-conda-linux-gnu/sysroot/usr/lib/../lib/:/home/raincut/anaconda3/envs/stewart/bin/../lib/gcc/x86_64-conda-linux-gnu/15.1.0/../../../../x86_64-conda-linux-gnu/lib/:/home/raincut/anaconda3/envs/stewart/bin/../lib/gcc/x86_64-conda-linux-gnu/15.1.0/../../../:/home/raincut/anaconda3/envs/stewart/bin/../x86_64-conda-linux-gnu/sysroot/lib/:/home/raincut/anaconda3/envs/stewart/bin/../x86_64-conda-linux-gnu/sysroot/usr/lib/
COLLECT_GCC_OPTIONS='-v' '-o' 'cmTC_e6f89' '-mtune=generic' '-march=x86-64' '-dumpdir' 'cmTC_e6f89.'
 /home/raincut/anaconda3/envs/stewart/bin/../libexec/gcc/x86_64-conda-linux-gnu/15.1.0/collect2 -disable-new-dtags -plugin /home/raincut/anaconda3/envs/stewart/bin/../libexec/gcc/x86_64-conda-linux-gnu/15.1.0/liblto_plugin.so -plugin-opt=/home/raincut/anaconda3/envs/stewart/bin/../libexec/gcc/x86_64-conda-linux-gnu/15.1.0/lto-wrapper -plugin-opt=-fresolution=/tmp/ccFkJfFL.res -plugin-opt=-pass-through=-lgcc -plugin-opt=-pass-through=-lgcc_s -plugin-opt=-pass-through=-lc -plugin-opt=-pass-through=-lgcc -plugin-opt=-pass-through=-lgcc_s --sysroot=/home/raincut/anaconda3/envs/stewart/bin/../x86_64-conda-linux-gnu/sysroot --eh-frame-hdr -m elf_x86_64 -dynamic-linker /lib64/ld-linux-x86-64.so.2 -pie -o cmTC_e6f89 /home/raincut/anaconda3/envs/stewart/bin/../x86_64-conda-linux-gnu/sysroot/usr/lib/../lib/Scrt1.o /home/raincut/anaconda3/envs/stewart/bin/../x86_64-conda-linux-gnu/sysroot/usr/lib/../lib/crti.o /home/raincut/anaconda3/envs/stewart/bin/../lib/gcc/x86_64-conda-linux-gnu/15.1.0/crtbeginS.o -L/home/raincut/anaconda3/envs/stewart/bin/../lib/gcc/x86_64-conda-linux-gnu/15.1.0 -L/home/raincut/anaconda3/envs/stewart/bin/../lib/gcc -L/home/raincut/anaconda3/envs/stewart/bin/../lib/gcc/x86_64-conda-linux-gnu/15.1.0/../../../../x86_64-conda-linux-gnu/lib/../lib -L/home/raincut/anaconda3/envs/stewart/bin/../lib/gcc/x86_64-conda-linux-gnu/15.1.0/../../../../lib -L/home/raincut/anaconda3/envs/stewart/bin/../x86_64-conda-linux-gnu/sysroot/lib/../lib -L/home/raincut/anaconda3/envs/stewart/bin/../x86_64-conda-linux-gnu/sysroot/usr/lib/../lib -L/home/raincut/anaconda3/envs/stewart/bin/../lib/gcc/x86_64-conda-linux-gnu/15.1.0/../../../../x86_64-conda-linux-gnu/lib -L/home/raincut/anaconda3/envs/stewart/bin/../lib/gcc/x86_64-conda-linux-gnu/15.1.0/../../.. -L/home/raincut/anaconda3/envs/stewart/bin/../x86_64-conda-linux-gnu/sysroot/lib -L/home/raincut/anaconda3/envs/stewart/bin/../x86_64-conda-linux-gnu/sysroot/usr/lib CMakeFiles/cmTC_e6f89.dir/CMakeCCompilerABI.c.o -lgcc --push-state --as-needed -lgcc_s --pop-state -lc -lgcc --push-state --as-needed -lgcc_s --pop-state /home/raincut/anaconda3/envs/stewart/bin/../lib/gcc/x86_64-conda-linux-gnu/15.1.0/crtendS.o /home/raincut/anaconda3/envs/stewart/bin/../x86_64-conda-linux-gnu/sysroot/usr/lib/../lib/crtn.o -rpath /home/raincut/anaconda3/envs/stewart/lib -rpath-link /home/raincut/anaconda3/envs/stewart/lib -L /home/raincut/anaconda3/envs/stewart/lib/stubs -L /home/raincut/anaconda3/envs/stewart/lib
COLLECT_GCC_OPTIONS='-v' '-o' 'cmTC_e6f89' '-mtune=generic' '-march=x86-64' '-dumpdir' 'cmTC_e6f89.'
gmake[1]: Leaving directory '/home/raincut/stewart_mujoco/src/inverse_kinematics/build/CMakeFiles/CMakeTmp'



Parsed C implicit include dir info from above output: rv=done
  found start of include info
  found start of implicit include info
    add: [/home/raincut/anaconda3/envs/stewart/bin/../lib/gcc/x86_64-conda-linux-gnu/15.1.0/include]
    add: [/home/raincut/anaconda3/envs/stewart/bin/../lib/gcc/x86_64-conda-linux-gnu/15.1.0/include-fixed]
    add: [/home/raincut/anaconda3/envs/stewart/bin/../x86_64-conda-linux-gnu/sysroot/usr/include]
    add: [/home/raincut/anaconda3/envs/stewart/include]
  end of search list found
  collapse include dir [/home/raincut/anaconda3/envs/stewart/bin/../lib/gcc/x86_64-conda-linux-gnu/15.1.0/include] ==> [/home/raincut/anaconda3/envs/stewart/lib/gcc/x86_64-conda-linux-gnu/15.1.0/include]
  collapse include dir [/home/raincut/anaconda3/envs/stewart/bin/../lib/gcc/x86_64-conda-linux-gnu/15.1.0/include-fixed] ==> [/home/raincut/anaconda3/envs/stewart/lib/gcc/x86_64-conda-linux-gnu/15.1.0/include-fixed]
  collapse include dir [/home/raincut/anaconda3/envs/stewart/bin/../x86_64-conda-linux-gnu/sysroot/usr/include] ==> [/home/raincut/anaconda3/envs/stewart/x86_64-conda-linux-gnu/sysroot/usr/include]
  collapse include dir [/home/raincut/anaconda3/envs/stewart/include] ==> [/home/raincut/anaconda3/envs/stewart/include]
  implicit include dirs: [/home/raincut/anaconda3/envs/stewart/lib/gcc/x86_64-conda-linux-gnu/15.1.0/include;/home/raincut/anaconda3/envs/stewart/lib/gcc/x86_64-conda-linux-gnu/15.1.0/include-fixed;/home/raincut/anaconda3/envs/stewart/x86_64-conda-linux-gnu/sysroot/usr/include;/home/raincut/anaconda3/envs/stewart/include]


Parsed C implicit link information from above output:
  link line regex: [^( *|.*[/\])(ld|CMAKE_LINK_STARTFILE-NOTFOUND|([^/\]+-)?ld|collect2)[^/\]*( |$)]
  ignore line: [Change Dir: /home/raincut/stewart_mujoco/src/inverse_kinematics/build/CMakeFiles/CMakeTmp]
  ignore line: []
  ignore line: [Run Build Command(s):/usr/bin/gmake -f Makefile cmTC_e6f89/fast && /usr/bin/gmake  -f CMakeFiles/cmTC_e6f89.dir/build.make CMakeFiles/cmTC_e6f89.dir/build]
  ignore line: [gmake[1]: Entering directory '/home/raincut/stewart_mujoco/src/inverse_kinematics/build/CMakeFiles/CMakeTmp']
  ignore line: [Building C object CMakeFiles/cmTC_e6f89.dir/CMakeCCompilerABI.c.o]
  ignore line: [/home/raincut/anaconda3/envs/stewart/bin/cc   -v -o CMakeFiles/cmTC_e6f89.dir/CMakeCCompilerABI.c.o -c /usr/share/cmake-3.22/Modules/CMakeCCompilerABI.c]
  ignore line: [Reading specs from /home/raincut/anaconda3/envs/stewart/bin/../lib/gcc/x86_64-conda-linux-gnu/15.1.0/specs]
  ignore line: [Reading specs from /home/raincut/anaconda3/envs/stewart/bin/../lib/gcc/x86_64-conda-linux-gnu/15.1.0/conda.specs]
  ignore line: [COLLECT_GCC=/home/raincut/anaconda3/envs/stewart/bin/cc]
  ignore line: [Target: x86_64-conda-linux-gnu]
  ignore line: [Configured with: ../configure --prefix=/home/conda/feedstock_root/build_artifacts/gcc_compilers_1746638752229/_h_env_placehold_placehold_placehold_placehold_placehold_placehold_placehold_placehold_placehold_placehold_placehold_placehold_placehold_placehold_placehold_placehold_placehold_placeho --with-slibdir=/home/conda/feedstock_root/build_artifacts/gcc_compilers_1746638752229/_h_env_placehold_placehold_placehold_placehold_placehold_placehold_placehold_placehold_placehold_placehold_placehold_placehold_placehold_placehold_placehold_placehold_placehold_placeho/lib --libdir=/home/conda/feedstock_root/build_artifacts/gcc_compilers_1746638752229/_h_env_placehold_placehold_placehold_placehold_placehold_placehold_placehold_placehold_placehold_placehold_placehold_placehold_placehold_placehold_placehold_placehold_placehold_placeho/lib --mandir=/home/conda/feedstock_root/build_artifacts/gcc_compilers_1746638752229/_h_env_placehold_placehold_placehold_placehold_placehold_placehold_placehold_placehold_placehold_placehold_placehold_placehold_placehold_placehold_placehold_placehold_placehold_placeho/man --build=x86_64-conda-linux-gnu --host=x86_64-conda-linux-gnu --target=x86_64-conda-linux-gnu --enable-languages=c c++ fortran objc obj-c++ --enable-__cxa_atexit --disable-libmudflap --enable-libgomp --disable-libssp --enable-libquadmath --enable-libquadmath-support --enable-lto --enable-target-optspace --enable-plugin --enable-gold --disable-nls --disable-bootstrap --disable-multilib --enable-long-long --with-sysroot=/home/conda/feedstock_root/build_artifacts/gcc_compilers_1746638752229/_h_env_placehold_placehold_placehold_placehold_placehold_placehold_placehold_placehold_placehold_placehold_placehold_placehold_placehold_placehold_placehold_placehold_placehold_placeho/x86_64-conda-linux-gnu/sysroot --with-build-sysroot=/home/conda/feedstock_root/build_artifacts/gcc_compilers_1746638752229/work/cf-compilers/x86_64-conda-linux-gnu/sysroot --with-native-system-header-dir=/usr/include --with-gxx-include-dir=/home/conda/feedstock_root/build_artifacts/gcc_compilers_1746638752229/_h_env_placehold_placehold_placehold_placehold_placehold_placehold_placehold_placehold_placehold_placehold_placehold_placehold_placehold_placehold_placehold_placehold_placehold_placeho/lib/gcc/x86_64-conda-linux-gnu/15.1.0/include/c++ --with-pkgversion='conda-forge gcc 15.1.0-2' --with-bugurl=https://github.com/conda-forge/ctng-compilers-feedstock/issues/new/choose --enable-libsanitizer --enable-default-pie --enable-threads=posix]
  ignore line: [Thread model: posix]
  ignore line: [Supported LTO compression algorithms: zlib]
  ignore line: [gcc version 15.1.0 (conda-forge gcc 15.1.0-2) ]
  ignore line: [COLLECT_GCC_OPTIONS='-v' '-o' 'CMakeFiles/cmTC_e6f89.dir/CMakeCCompilerABI.c.o' '-c' '-mtune=generic' '-march=x86-64' '-dumpdir' 'CMakeFiles/cmTC_e6f89.dir/']
  ignore line: [ /home/raincut/anaconda3/envs/stewart/bin/../libexec/gcc/x86_64-conda-linux-gnu/15.1.0/cc1 -quiet -v -iprefix /home/raincut/anaconda3/envs/stewart/bin/../lib/gcc/x86_64-conda-linux-gnu/15.1.0/ -isysroot /home/raincut/anaconda3/envs/stewart/bin/../x86_64-conda-linux-gnu/sysroot /usr/share/cmake-3.22/Modules/CMakeCCompilerABI.c -quiet -dumpdir CMakeFiles/cmTC_e6f89.dir/ -dumpbase CMakeCCompilerABI.c.c -dumpbase-ext .c -mtune=generic -march=x86-64 -version -idirafter /home/raincut/anaconda3/envs/stewart/include -o /tmp/ccJwIZnI.s]
  ignore line: [GNU C23 (conda-forge gcc 15.1.0-2) version 15.1.0 (x86_64-conda-linux-gnu)]
  ignore line: [	compiled by GNU C version 14.2.0  GMP version 6.2.1  MPFR version 4.1.0  MPC version 1.2.1  isl version isl-0.24-GMP]
  ignore line: []
  ignore line: [GGC heuristics: --param ggc-min-expand=100 --param ggc-min-heapsize=131072]
  ignore line: [ignoring nonexistent directory "/home/raincut/anaconda3/envs/stewart/bin/../lib/gcc/x86_64-conda-linux-gnu/15.1.0/../../../../x86_64-conda-linux-gnu/include"]
  ignore line: [ignoring duplicate directory "/home/raincut/anaconda3/envs/stewart/bin/../lib/gcc/../../lib/gcc/x86_64-conda-linux-gnu/15.1.0/include"]
  ignore line: [ignoring nonexistent directory "/home/raincut/anaconda3/envs/stewart/bin/../x86_64-conda-linux-gnu/sysroot/usr/local/include"]
  ignore line: [ignoring duplicate directory "/home/raincut/anaconda3/envs/stewart/bin/../lib/gcc/../../lib/gcc/x86_64-conda-linux-gnu/15.1.0/include-fixed"]
  ignore line: [ignoring nonexistent directory "/home/raincut/anaconda3/envs/stewart/bin/../lib/gcc/../../lib/gcc/x86_64-conda-linux-gnu/15.1.0/../../../../x86_64-conda-linux-gnu/include"]
  ignore line: [#include "..." search starts here:]
  ignore line: [#include <...> search starts here:]
  ignore line: [ /home/raincut/anaconda3/envs/stewart/bin/../lib/gcc/x86_64-conda-linux-gnu/15.1.0/include]
  ignore line: [ /home/raincut/anaconda3/envs/stewart/bin/../lib/gcc/x86_64-conda-linux-gnu/15.1.0/include-fixed]
  ignore line: [ /home/raincut/anaconda3/envs/stewart/bin/../x86_64-conda-linux-gnu/sysroot/usr/include]
  ignore line: [ /home/raincut/anaconda3/envs/stewart/include]
  ignore line: [End of search list.]
  ignore line: [Compiler executable checksum: 92bf94f8dfdd0ebbfe562d19a913b665]
  ignore line: [COLLECT_GCC_OPTIONS='-v' '-o' 'CMakeFiles/cmTC_e6f89.dir/CMakeCCompilerABI.c.o' '-c' '-mtune=generic' '-march=x86-64' '-dumpdir' 'CMakeFiles/cmTC_e6f89.dir/']
  ignore line: [ /home/raincut/anaconda3/envs/stewart/bin/../lib/gcc/x86_64-conda-linux-gnu/15.1.0/../../../../x86_64-conda-linux-gnu/bin/as -v --64 -o CMakeFiles/cmTC_e6f89.dir/CMakeCCompilerABI.c.o /tmp/ccJwIZnI.s]
  ignore line: [GNU assembler version 2.40 (x86_64-conda-linux-gnu) using BFD version (Anaconda binutils) 2.40]
  ignore line: [COMPILER_PATH=/home/raincut/anaconda3/envs/stewart/bin/../libexec/gcc/x86_64-conda-linux-gnu/15.1.0/:/home/raincut/anaconda3/envs/stewart/bin/../libexec/gcc/:/home/raincut/anaconda3/envs/stewart/bin/../lib/gcc/x86_64-conda-linux-gnu/15.1.0/../../../../x86_64-conda-linux-gnu/bin/]
  ignore line: [LIBRARY_PATH=/home/raincut/anaconda3/envs/stewart/bin/../lib/gcc/x86_64-conda-linux-gnu/15.1.0/:/home/raincut/anaconda3/envs/stewart/bin/../lib/gcc/:/home/raincut/anaconda3/envs/stewart/bin/../lib/gcc/x86_64-conda-linux-gnu/15.1.0/../../../../x86_64-conda-linux-gnu/lib/../lib/:/home/raincut/anaconda3/envs/stewart/bin/../lib/gcc/x86_64-conda-linux-gnu/15.1.0/../../../../lib/:/home/raincut/anaconda3/envs/stewart/bin/../x86_64-conda-linux-gnu/sysroot/lib/../lib/:/home/raincut/anaconda3/envs/stewart/bin/../x86_64-conda-linux-gnu/sysroot/usr/lib/../lib/:/home/raincut/anaconda3/envs/stewart/bin/../lib/gcc/x86_64-conda-linux-gnu/15.1.0/../../../../x86_64-conda-linux-gnu/lib/:/home/raincut/anaconda3/envs/stewart/bin/../lib/gcc/x86_64-conda-linux-gnu/15.1.0/../../../:/home/raincut/anaconda3/envs/stewart/bin/../x86_64-conda-linux-gnu/sysroot/lib/:/home/raincut/anaconda3/envs/stewart/bin/../x86_64-conda-linux-gnu/sysroot/usr/lib/]
  ignore line: [COLLECT_GCC_OPTIONS='-v' '-o' 'CMakeFiles/cmTC_e6f89.dir/CMakeCCompilerABI.c.o' '-c' '-mtune=generic' '-march=x86-64' '-dumpdir' 'CMakeFiles/cmTC_e6f89.dir/CMakeCCompilerABI.c.']
  ignore line: [Linking C executable cmTC_e6f89]
  ignore line: [/usr/bin/cmake -E cmake_link_script CMakeFiles/cmTC_e6f89.dir/link.txt --verbose=1]
  ignore line: [/home/raincut/anaconda3/envs/stewart/bin/cc  -v CMakeFiles/cmTC_e6f89.dir/CMakeCCompilerABI.c.o -o cmTC_e6f89 ]
  ignore line: [Reading specs from /home/raincut/anaconda3/envs/stewart/bin/../lib/gcc/x86_64-conda-linux-gnu/15.1.0/specs]
  ignore line: [Reading specs from /home/raincut/anaconda3/envs/stewart/bin/../lib/gcc/x86_64-conda-linux-gnu/15.1.0/conda.specs]
  ignore line: [COLLECT_GCC=/home/raincut/anaconda3/envs/stewart/bin/cc]
  ignore line: [COLLECT_LTO_WRAPPER=/home/raincut/anaconda3/envs/stewart/bin/../libexec/gcc/x86_64-conda-linux-gnu/15.1.0/lto-wrapper]
  ignore line: [Target: x86_64-conda-linux-gnu]
  ignore line: [Configured with: ../configure --prefix=/home/conda/feedstock_root/build_artifacts/gcc_compilers_1746638752229/_h_env_placehold_placehold_placehold_placehold_placehold_placehold_placehold_placehold_placehold_placehold_placehold_placehold_placehold_placehold_placehold_placehold_placehold_placeho --with-slibdir=/home/conda/feedstock_root/build_artifacts/gcc_compilers_1746638752229/_h_env_placehold_placehold_placehold_placehold_placehold_placehold_placehold_placehold_placehold_placehold_placehold_placehold_placehold_placehold_placehold_placehold_placehold_placeho/lib --libdir=/home/conda/feedstock_root/build_artifacts/gcc_compilers_1746638752229/_h_env_placehold_placehold_placehold_placehold_placehold_placehold_placehold_placehold_placehold_placehold_placehold_placehold_placehold_placehold_placehold_placehold_placehold_placeho/lib --mandir=/home/conda/feedstock_root/build_artifacts/gcc_compilers_1746638752229/_h_env_placehold_placehold_placehold_placehold_placehold_placehold_placehold_placehold_placehold_placehold_placehold_placehold_placehold_placehold_placehold_placehold_placehold_placeho/man --build=x86_64-conda-linux-gnu --host=x86_64-conda-linux-gnu --target=x86_64-conda-linux-gnu --enable-languages=c c++ fortran objc obj-c++ --enable-__cxa_atexit --disable-libmudflap --enable-libgomp --disable-libssp --enable-libquadmath --enable-libquadmath-support --enable-lto --enable-target-optspace --enable-plugin --enable-gold --disable-nls --disable-bootstrap --disable-multilib --enable-long-long --with-sysroot=/home/conda/feedstock_root/build_artifacts/gcc_compilers_1746638752229/_h_env_placehold_placehold_placehold_placehold_placehold_placehold_placehold_placehold_placehold_placehold_placehold_placehold_placehold_placehold_placehold_placehold_placehold_placeho/x86_64-conda-linux-gnu/sysroot --with-build-sysroot=/home/conda/feedstock_root/build_artifacts/gcc_compilers_1746638752229/work/cf-compilers/x86_64-conda-linux-gnu/sysroot --with-native-system-header-dir=/usr/include --with-gxx-include-dir=/home/conda/feedstock_root/build_artifacts/gcc_compilers_1746638752229/_h_env_placehold_placehold_placehold_placehold_placehold_placehold_placehold_placehold_placehold_placehold_placehold_placehold_placehold_placehold_placehold_placehold_placehold_placeho/lib/gcc/x86_64-conda-linux-gnu/15.1.0/include/c++ --with-pkgversion='conda-forge gcc 15.1.0-2' --with-bugurl=https://github.com/conda-forge/ctng-compilers-feedstock/issues/new/choose --enable-libsanitizer --enable-default-pie --enable-threads=posix]
  ignore line: [Thread model: posix]
  ignore line: [Supported LTO compression algorithms: zlib]
  ignore line: [gcc version 15.1.0 (conda-forge gcc 15.1.0-2) ]
  ignore line: [COMPILER_PATH=/home/raincut/anaconda3/envs/stewart/bin/../libexec/gcc/x86_64-conda-linux-gnu/15.1.0/:/home/raincut/anaconda3/envs/stewart/bin/../libexec/gcc/:/home/raincut/anaconda3/envs/stewart/bin/../lib/gcc/x86_64-conda-linux-gnu/15.1.0/../../../../x86_64-conda-linux-gnu/bin/]
  ignore line: [LIBRARY_PATH=/home/raincut/anaconda3/envs/stewart/bin/../lib/gcc/x86_64-conda-linux-gnu/15.1.0/:/home/raincut/anaconda3/envs/stewart/bin/../lib/gcc/:/home/raincut/anaconda3/envs/stewart/bin/../lib/gcc/x86_64-conda-linux-gnu/15.1.0/../../../../x86_64-conda-linux-gnu/lib/../lib/:/home/raincut/anaconda3/envs/stewart/bin/../lib/gcc/x86_64-conda-linux-gnu/15.1.0/../../../../lib/:/home/raincut/anaconda3/envs/stewart/bin/../x86_64-conda-linux-gnu/sysroot/lib/../lib/:/home/raincut/anaconda3/envs/stewart/bin/../x86_64-conda-linux-gnu/sysroot/usr/lib/../lib/:/home/raincut/anaconda3/envs/stewart/bin/../lib/gcc/x86_64-conda-linux-gnu/15.1.0/../../../../x86_64-conda-linux-gnu/lib/:/home/raincut/anaconda3/envs/stewart/bin/../lib/gcc/x86_64-conda-linux-gnu/15.1.0/../../../:/home/raincut/anaconda3/envs/stewart/bin/../x86_64-conda-linux-gnu/sysroot/lib/:/home/raincut/anaconda3/envs/stewart/bin/../x86_64-conda-linux-gnu/sysroot/usr/lib/]
  ignore line: [COLLECT_GCC_OPTIONS='-v' '-o' 'cmTC_e6f89' '-mtune=generic' '-march=x86-64' '-dumpdir' 'cmTC_e6f89.']
  link line: [ /home/raincut/anaconda3/envs/stewart/bin/../libexec/gcc/x86_64-conda-linux-gnu/15.1.0/collect2 -disable-new-dtags -plugin /home/raincut/anaconda3/envs/stewart/bin/../libexec/gcc/x86_64-conda-linux-gnu/15.1.0/liblto_plugin.so -plugin-opt=/home/raincut/anaconda3/envs/stewart/bin/../libexec/gcc/x86_64-conda-linux-gnu/15.1.0/lto-wrapper -plugin-opt=-fresolution=/tmp/ccFkJfFL.res -plugin-opt=-pass-through=-lgcc -plugin-opt=-pass-through=-lgcc_s -plugin-opt=-pass-through=-lc -plugin-opt=-pass-through=-lgcc -plugin-opt=-pass-through=-lgcc_s --sysroot=/home/raincut/anaconda3/envs/stewart/bin/../x86_64-conda-linux-gnu/sysroot --eh-frame-hdr -m elf_x86_64 -dynamic-linker /lib64/ld-linux-x86-64.so.2 -pie -o cmTC_e6f89 /home/raincut/anaconda3/envs/stewart/bin/../x86_64-conda-linux-gnu/sysroot/usr/lib/../lib/Scrt1.o /home/raincut/anaconda3/envs/stewart/bin/../x86_64-conda-linux-gnu/sysroot/usr/lib/../lib/crti.o /home/raincut/anaconda3/envs/stewart/bin/../lib/gcc/x86_64-conda-linux-gnu/15.1.0/crtbeginS.o -L/home/raincut/anaconda3/envs/stewart/bin/../lib/gcc/x86_64-conda-linux-gnu/15.1.0 -L/home/raincut/anaconda3/envs/stewart/bin/../lib/gcc -L/home/raincut/anaconda3/envs/stewart/bin/../lib/gcc/x86_64-conda-linux-gnu/15.1.0/../../../../x86_64-conda-linux-gnu/lib/../lib -L/home/raincut/anaconda3/envs/stewart/bin/../lib/gcc/x86_64-conda-linux-gnu/15.1.0/../../../../lib -L/home/raincut/anaconda3/envs/stewart/bin/../x86_64-conda-linux-gnu/sysroot/lib/../lib -L/home/raincut/anaconda3/envs/stewart/bin/../x86_64-conda-linux-gnu/sysroot/usr/lib/../lib -L/home/raincut/anaconda3/envs/stewart/bin/../lib/gcc/x86_64-conda-linux-gnu/15.1.0/../../../../x86_64-conda-linux-gnu/lib -L/home/raincut/anaconda3/envs/stewart/bin/../lib/gcc/x86_64-conda-linux-gnu/15.1.0/../../.. -L/home/raincut/anaconda3/envs/stewart/bin/../x86_64-conda-linux-gnu/sysroot/lib -L/home/raincut/anaconda3/envs/stewart/bin/../x86_64-conda-linux-gnu/sysroot/usr/lib CMakeFiles/cmTC_e6f89.dir/CMakeCCompilerABI.c.o -lgcc --push-state --as-needed -lgcc_s --pop-state -lc -lgcc --push-state --as-needed -lgcc_s --pop-state /home/raincut/anaconda3/envs/stewart/bin/../lib/gcc/x86_64-conda-linux-gnu/15.1.0/crtendS.o /home/raincut/anaconda3/envs/stewart/bin/../x86_64-conda-linux-gnu/sysroot/usr/lib/../lib/crtn.o -rpath /home/raincut/anaconda3/envs/stewart/lib -rpath-link /home/raincut/anaconda3/envs/stewart/lib -L /home/raincut/anaconda3/envs/stewart/lib/stubs -L /home/raincut/anaconda3/envs/stewart/lib]
    arg [/home/raincut/anaconda3/envs/stewart/bin/../libexec/gcc/x86_64-conda-linux-gnu/15.1.0/collect2] ==> ignore
    arg [-disable-new-dtags] ==> ignore
    arg [-plugin] ==> ignore
    arg [/home/raincut/anaconda3/envs/stewart/bin/../libexec/gcc/x86_64-conda-linux-gnu/15.1.0/liblto_plugin.so] ==> ignore
    arg [-plugin-opt=/home/raincut/anaconda3/envs/stewart/bin/../libexec/gcc/x86_64-conda-linux-gnu/15.1.0/lto-wrapper] ==> ignore
    arg [-plugin-opt=-fresolution=/tmp/ccFkJfFL.res] ==> ignore
    arg [-plugin-opt=-pass-through=-lgcc] ==> ignore
    arg [-plugin-opt=-pass-through=-lgcc_s] ==> ignore
    arg [-plugin-opt=-pass-through=-lc] ==> ignore
    arg [-plugin-opt=-pass-through=-lgcc] ==> ignore
    arg [-plugin-opt=-pass-through=-lgcc_s] ==> ignore
    arg [--sysroot=/home/raincut/anaconda3/envs/stewart/bin/../x86_64-conda-linux-gnu/sysroot] ==> ignore
    arg [--eh-frame-hdr] ==> ignore
    arg [-m] ==> ignore
    arg [elf_x86_64] ==> ignore
    arg [-dynamic-linker] ==> ignore
    arg [/lib64/ld-linux-x86-64.so.2] ==> ignore
    arg [-pie] ==> ignore
    arg [-o] ==> ignore
    arg [cmTC_e6f89] ==> ignore
    arg [/home/raincut/anaconda3/envs/stewart/bin/../x86_64-conda-linux-gnu/sysroot/usr/lib/../lib/Scrt1.o] ==> obj [/home/raincut/anaconda3/envs/stewart/bin/../x86_64-conda-linux-gnu/sysroot/usr/lib/../lib/Scrt1.o]
    arg [/home/raincut/anaconda3/envs/stewart/bin/../x86_64-conda-linux-gnu/sysroot/usr/lib/../lib/crti.o] ==> obj [/home/raincut/anaconda3/envs/stewart/bin/../x86_64-conda-linux-gnu/sysroot/usr/lib/../lib/crti.o]
    arg [/home/raincut/anaconda3/envs/stewart/bin/../lib/gcc/x86_64-conda-linux-gnu/15.1.0/crtbeginS.o] ==> obj [/home/raincut/anaconda3/envs/stewart/bin/../lib/gcc/x86_64-conda-linux-gnu/15.1.0/crtbeginS.o]
    arg [-L/home/raincut/anaconda3/envs/stewart/bin/../lib/gcc/x86_64-conda-linux-gnu/15.1.0] ==> dir [/home/raincut/anaconda3/envs/stewart/bin/../lib/gcc/x86_64-conda-linux-gnu/15.1.0]
    arg [-L/home/raincut/anaconda3/envs/stewart/bin/../lib/gcc] ==> dir [/home/raincut/anaconda3/envs/stewart/bin/../lib/gcc]
    arg [-L/home/raincut/anaconda3/envs/stewart/bin/../lib/gcc/x86_64-conda-linux-gnu/15.1.0/../../../../x86_64-conda-linux-gnu/lib/../lib] ==> dir [/home/raincut/anaconda3/envs/stewart/bin/../lib/gcc/x86_64-conda-linux-gnu/15.1.0/../../../../x86_64-conda-linux-gnu/lib/../lib]
    arg [-L/home/raincut/anaconda3/envs/stewart/bin/../lib/gcc/x86_64-conda-linux-gnu/15.1.0/../../../../lib] ==> dir [/home/raincut/anaconda3/envs/stewart/bin/../lib/gcc/x86_64-conda-linux-gnu/15.1.0/../../../../lib]
    arg [-L/home/raincut/anaconda3/envs/stewart/bin/../x86_64-conda-linux-gnu/sysroot/lib/../lib] ==> dir [/home/raincut/anaconda3/envs/stewart/bin/../x86_64-conda-linux-gnu/sysroot/lib/../lib]
    arg [-L/home/raincut/anaconda3/envs/stewart/bin/../x86_64-conda-linux-gnu/sysroot/usr/lib/../lib] ==> dir [/home/raincut/anaconda3/envs/stewart/bin/../x86_64-conda-linux-gnu/sysroot/usr/lib/../lib]
    arg [-L/home/raincut/anaconda3/envs/stewart/bin/../lib/gcc/x86_64-conda-linux-gnu/15.1.0/../../../../x86_64-conda-linux-gnu/lib] ==> dir [/home/raincut/anaconda3/envs/stewart/bin/../lib/gcc/x86_64-conda-linux-gnu/15.1.0/../../../../x86_64-conda-linux-gnu/lib]
    arg [-L/home/raincut/anaconda3/envs/stewart/bin/../lib/gcc/x86_64-conda-linux-gnu/15.1.0/../../..] ==> dir [/home/raincut/anaconda3/envs/stewart/bin/../lib/gcc/x86_64-conda-linux-gnu/15.1.0/../../..]
    arg [-L/home/raincut/anaconda3/envs/stewart/bin/../x86_64-conda-linux-gnu/sysroot/lib] ==> dir [/home/raincut/anaconda3/envs/stewart/bin/../x86_64-conda-linux-gnu/sysroot/lib]
    arg [-L/home/raincut/anaconda3/envs/stewart/bin/../x86_64-conda-linux-gnu/sysroot/usr/lib] ==> dir [/home/raincut/anaconda3/envs/stewart/bin/../x86_64-conda-linux-gnu/sysroot/usr/lib]
    arg [CMakeFiles/cmTC_e6f89.dir/CMakeCCompilerABI.c.o] ==> ignore
    arg [-lgcc] ==> lib [gcc]
    arg [--push-state] ==> ignore
    arg [--as-needed] ==> ignore
    arg [-lgcc_s] ==> lib [gcc_s]
    arg [--pop-state] ==> ignore
    arg [-lc] ==> lib [c]
    arg [-lgcc] ==> lib [gcc]
    arg [--push-state] ==> ignore
    arg [--as-needed] ==> ignore
    arg [-lgcc_s] ==> lib [gcc_s]
    arg [--pop-state] ==> ignore
    arg [/home/raincut/anaconda3/envs/stewart/bin/../lib/gcc/x86_64-conda-linux-gnu/15.1.0/crtendS.o] ==> obj [/home/raincut/anaconda3/envs/stewart/bin/../lib/gcc/x86_64-conda-linux-gnu/15.1.0/crtendS.o]
    arg [/home/raincut/anaconda3/envs/stewart/bin/../x86_64-conda-linux-gnu/sysroot/usr/lib/../lib/crtn.o] ==> obj [/home/raincut/anaconda3/envs/stewart/bin/../x86_64-conda-linux-gnu/sysroot/usr/lib/../lib/crtn.o]
    arg [-rpath] ==> ignore
    arg [/home/raincut/anaconda3/envs/stewart/lib] ==> ignore
    arg [-rpath-link] ==> ignore
    arg [/home/raincut/anaconda3/envs/stewart/lib] ==> ignore
    arg [-L/home/raincut/anaconda3/envs/stewart/lib/stubs] ==> dir [/home/raincut/anaconda3/envs/stewart/lib/stubs]
    arg [-L/home/raincut/anaconda3/envs/stewart/lib] ==> dir [/home/raincut/anaconda3/envs/stewart/lib]
  collapse obj [/home/raincut/anaconda3/envs/stewart/bin/../x86_64-conda-linux-gnu/sysroot/usr/lib/../lib/Scrt1.o] ==> [/home/raincut/anaconda3/envs/stewart/x86_64-conda-linux-gnu/sysroot/usr/lib/Scrt1.o]
  collapse obj [/home/raincut/anaconda3/envs/stewart/bin/../x86_64-conda-linux-gnu/sysroot/usr/lib/../lib/crti.o] ==> [/home/raincut/anaconda3/envs/stewart/x86_64-conda-linux-gnu/sysroot/usr/lib/crti.o]
  collapse obj [/home/raincut/anaconda3/envs/stewart/bin/../lib/gcc/x86_64-conda-linux-gnu/15.1.0/crtbeginS.o] ==> [/home/raincut/anaconda3/envs/stewart/lib/gcc/x86_64-conda-linux-gnu/15.1.0/crtbeginS.o]
  collapse obj [/home/raincut/anaconda3/envs/stewart/bin/../lib/gcc/x86_64-conda-linux-gnu/15.1.0/crtendS.o] ==> [/home/raincut/anaconda3/envs/stewart/lib/gcc/x86_64-conda-linux-gnu/15.1.0/crtendS.o]
  collapse obj [/home/raincut/anaconda3/envs/stewart/bin/../x86_64-conda-linux-gnu/sysroot/usr/lib/../lib/crtn.o] ==> [/home/raincut/anaconda3/envs/stewart/x86_64-conda-linux-gnu/sysroot/usr/lib/crtn.o]
  collapse library dir [/home/raincut/anaconda3/envs/stewart/bin/../lib/gcc/x86_64-conda-linux-gnu/15.1.0] ==> [/home/raincut/anaconda3/envs/stewart/lib/gcc/x86_64-conda-linux-gnu/15.1.0]
  collapse library dir [/home/raincut/anaconda3/envs/stewart/bin/../lib/gcc] ==> [/home/raincut/anaconda3/envs/stewart/lib/gcc]
  collapse library dir [/home/raincut/anaconda3/envs/stewart/bin/../lib/gcc/x86_64-conda-linux-gnu/15.1.0/../../../../x86_64-conda-linux-gnu/lib/../lib] ==> [/home/raincut/anaconda3/envs/stewart/x86_64-conda-linux-gnu/lib]
  collapse library dir [/home/raincut/anaconda3/envs/stewart/bin/../lib/gcc/x86_64-conda-linux-gnu/15.1.0/../../../../lib] ==> [/home/raincut/anaconda3/envs/stewart/lib]
  collapse library dir [/home/raincut/anaconda3/envs/stewart/bin/../x86_64-conda-linux-gnu/sysroot/lib/../lib] ==> [/home/raincut/anaconda3/envs/stewart/x86_64-conda-linux-gnu/sysroot/lib]
  collapse library dir [/home/raincut/anaconda3/envs/stewart/bin/../x86_64-conda-linux-gnu/sysroot/usr/lib/../lib] ==> [/home/raincut/anaconda3/envs/stewart/x86_64-conda-linux-gnu/sysroot/usr/lib]
  collapse library dir [/home/raincut/anaconda3/envs/stewart/bin/../lib/gcc/x86_64-conda-linux-gnu/15.1.0/../../../../x86_64-conda-linux-gnu/lib] ==> [/home/raincut/anaconda3/envs/stewart/x86_64-conda-linux-gnu/lib]
  collapse library dir [/home/raincut/anaconda3/envs/stewart/bin/../lib/gcc/x86_64-conda-linux-gnu/15.1.0/../../..] ==> [/home/raincut/anaconda3/envs/stewart/lib]
  collapse library dir [/home/raincut/anaconda3/envs/stewart/bin/../x86_64-conda-linux-gnu/sysroot/lib] ==> [/home/raincut/anaconda3/envs/stewart/x86_64-conda-linux-gnu/sysroot/lib]
  collapse library dir [/home/raincut/anaconda3/envs/stewart/bin/../x86_64-conda-linux-gnu/sysroot/usr/lib] ==> [/home/raincut/anaconda3/envs/stewart/x86_64-conda-linux-gnu/sysroot/usr/lib]
  collapse library dir [/home/raincut/anaconda3/envs/stewart/lib/stubs] ==> [/home/raincut/anaconda3/envs/stewart/lib/stubs]
  collapse library dir [/home/raincut/anaconda3/envs/stewart/lib] ==> [/home/raincut/anaconda3/envs/stewart/lib]
  implicit libs: [gcc;gcc_s;c;gcc;gcc_s]
  implicit objs: [/home/raincut/anaconda3/envs/stewart/x86_64-conda-linux-gnu/sysroot/usr/lib/Scrt1.o;/home/raincut/anaconda3/envs/stewart/x86_64-conda-linux-gnu/sysroot/usr/lib/crti.o;/home/raincut/anaconda3/envs/stewart/lib/gcc/x86_64-conda-linux-gnu/15.1.0/crtbeginS.o;/home/raincut/anaconda3/envs/stewart/lib/gcc/x86_64-conda-linux-gnu/15.1.0/crtendS.o;/home/raincut/anaconda3/envs/stewart/x86_64-conda-linux-gnu/sysroot/usr/lib/crtn.o]
  implicit dirs: [/home/raincut/anaconda3/envs/stewart/lib/gcc/x86_64-conda-linux-gnu/15.1.0;/home/raincut/anaconda3/envs/stewart/lib/gcc;/home/raincut/anaconda3/envs/stewart/x86_64-conda-linux-gnu/lib;/home/raincut/anaconda3/envs/stewart/lib;/home/raincut/anaconda3/envs/stewart/x86_64-conda-linux-gnu/sysroot/lib;/home/raincut/anaconda3/envs/stewart/x86_64-conda-linux-gnu/sysroot/usr/lib;/home/raincut/anaconda3/envs/stewart/lib/stubs]
  implicit fwks: []


Detecting CXX compiler ABI info compiled with the following output:
Change Dir: /home/raincut/stewart_mujoco/src/inverse_kinematics/build/CMakeFiles/CMakeTmp

Run Build Command(s):/usr/bin/gmake -f Makefile cmTC_872f6/fast && /usr/bin/gmake  -f CMakeFiles/cmTC_872f6.dir/build.make CMakeFiles/cmTC_872f6.dir/build
gmake[1]: Entering directory '/home/raincut/stewart_mujoco/src/inverse_kinematics/build/CMakeFiles/CMakeTmp'
Building CXX object CMakeFiles/cmTC_872f6.dir/CMakeCXXCompilerABI.cpp.o
/usr/bin/c++   -v -o CMakeFiles/cmTC_872f6.dir/CMakeCXXCompilerABI.cpp.o -c /usr/share/cmake-3.22/Modules/CMakeCXXCompilerABI.cpp
Using built-in specs.
COLLECT_GCC=/usr/bin/c++
OFFLOAD_TARGET_NAMES=nvptx-none:amdgcn-amdhsa
OFFLOAD_TARGET_DEFAULT=1
Target: x86_64-linux-gnu
Configured with: ../src/configure -v --with-pkgversion='Ubuntu 11.4.0-1ubuntu1~22.04' --with-bugurl=file:///usr/share/doc/gcc-11/README.Bugs --enable-languages=c,ada,c++,go,brig,d,fortran,objc,obj-c++,m2 --prefix=/usr --with-gcc-major-version-only --program-suffix=-11 --program-prefix=x86_64-linux-gnu- --enable-shared --enable-linker-build-id --libexecdir=/usr/lib --without-included-gettext --enable-threads=posix --libdir=/usr/lib --enable-nls --enable-bootstrap --enable-clocale=gnu --enable-libstdcxx-debug --enable-libstdcxx-time=yes --with-default-libstdcxx-abi=new --enable-gnu-unique-object --disable-vtable-verify --enable-plugin --enable-default-pie --with-system-zlib --enable-libphobos-checking=release --with-target-system-zlib=auto --enable-objc-gc=auto --enable-multiarch --disable-werror --enable-cet --with-arch-32=i686 --with-abi=m64 --with-multilib-list=m32,m64,mx32 --enable-multilib --with-tune=generic --enable-offload-targets=nvptx-none=/build/gcc-11-XeT9lY/gcc-11-11.4.0/debian/tmp-nvptx/usr,amdgcn-amdhsa=/build/gcc-11-XeT9lY/gcc-11-11.4.0/debian/tmp-gcn/usr --without-cuda-driver --enable-checking=release --build=x86_64-linux-gnu --host=x86_64-linux-gnu --target=x86_64-linux-gnu --with-build-config=bootstrap-lto-lean --enable-link-serialization=2
Thread model: posix
Supported LTO compression algorithms: zlib zstd
gcc version 11.4.0 (Ubuntu 11.4.0-1ubuntu1~22.04) 
COLLECT_GCC_OPTIONS='-v' '-o' 'CMakeFiles/cmTC_872f6.dir/CMakeCXXCompilerABI.cpp.o' '-c' '-shared-libgcc' '-mtune=generic' '-march=x86-64' '-dumpdir' 'CMakeFiles/cmTC_872f6.dir/'
 /usr/lib/gcc/x86_64-linux-gnu/11/cc1plus -quiet -v -imultiarch x86_64-linux-gnu -D_GNU_SOURCE /usr/share/cmake-3.22/Modules/CMakeCXXCompilerABI.cpp -quiet -dumpdir CMakeFiles/cmTC_872f6.dir/ -dumpbase CMakeCXXCompilerABI.cpp.cpp -dumpbase-ext .cpp -mtune=generic -march=x86-64 -version -fasynchronous-unwind-tables -fstack-protector-strong -Wformat -Wformat-security -fstack-clash-protection -fcf-protection -o /tmp/ccStrZ9f.s
GNU C++17 (Ubuntu 11.4.0-1ubuntu1~22.04) version 11.4.0 (x86_64-linux-gnu)
	compiled by GNU C version 11.4.0, GMP version 6.2.1, MPFR version 4.1.0, MPC version 1.2.1, isl version isl-0.24-GMP

GGC heuristics: --param ggc-min-expand=100 --param ggc-min-heapsize=131072
ignoring duplicate directory "/usr/include/x86_64-linux-gnu/c++/11"
ignoring nonexistent directory "/usr/local/include/x86_64-linux-gnu"
ignoring nonexistent directory "/usr/lib/gcc/x86_64-linux-gnu/11/include-fixed"
ignoring nonexistent directory "/usr/lib/gcc/x86_64-linux-gnu/11/../../../../x86_64-linux-gnu/include"
#include "..." search starts here:
#include <...> search starts here:
 /usr/include/c++/11
 /usr/include/x86_64-linux-gnu/c++/11
 /usr/include/c++/11/backward
 /usr/lib/gcc/x86_64-linux-gnu/11/include
 /usr/local/include
 /usr/include/x86_64-linux-gnu
 /usr/include
End of search list.
GNU C++17 (Ubuntu 11.4.0-1ubuntu1~22.04) version 11.4.0 (x86_64-linux-gnu)
	compiled by GNU C version 11.4.0, GMP version 6.2.1, MPFR version 4.1.0, MPC version 1.2.1, isl version isl-0.24-GMP

GGC heuristics: --param ggc-min-expand=100 --param ggc-min-heapsize=131072
Compiler executable checksum: d591828bb4d392ae8b7b160e5bb0b95f
COLLECT_GCC_OPTIONS='-v' '-o' 'CMakeFiles/cmTC_872f6.dir/CMakeCXXCompilerABI.cpp.o' '-c' '-shared-libgcc' '-mtune=generic' '-march=x86-64' '-dumpdir' 'CMakeFiles/cmTC_872f6.dir/'
 as -v --64 -o CMakeFiles/cmTC_872f6.dir/CMakeCXXCompilerABI.cpp.o /tmp/ccStrZ9f.s
GNU assembler version 2.38 (x86_64-linux-gnu) using BFD version (GNU Binutils for Ubuntu) 2.38
COMPILER_PATH=/usr/lib/gcc/x86_64-linux-gnu/11/:/usr/lib/gcc/x86_64-linux-gnu/11/:/usr/lib/gcc/x86_64-linux-gnu/:/usr/lib/gcc/x86_64-linux-gnu/11/:/usr/lib/gcc/x86_64-linux-gnu/
LIBRARY_PATH=/usr/lib/gcc/x86_64-linux-gnu/11/:/usr/lib/gcc/x86_64-linux-gnu/11/../../../x86_64-linux-gnu/:/usr/lib/gcc/x86_64-linux-gnu/11/../../../../lib/:/lib/x86_64-linux-gnu/:/lib/../lib/:/usr/lib/x86_64-linux-gnu/:/usr/lib/../lib/:/usr/lib/gcc/x86_64-linux-gnu/11/../../../:/lib/:/usr/lib/
COLLECT_GCC_OPTIONS='-v' '-o' 'CMakeFiles/cmTC_872f6.dir/CMakeCXXCompilerABI.cpp.o' '-c' '-shared-libgcc' '-mtune=generic' '-march=x86-64' '-dumpdir' 'CMakeFiles/cmTC_872f6.dir/CMakeCXXCompilerABI.cpp.'
Linking CXX executable cmTC_872f6
/usr/bin/cmake -E cmake_link_script CMakeFiles/cmTC_872f6.dir/link.txt --verbose=1
/usr/bin/c++  -v CMakeFiles/cmTC_872f6.dir/CMakeCXXCompilerABI.cpp.o -o cmTC_872f6 
Using built-in specs.
COLLECT_GCC=/usr/bin/c++
COLLECT_LTO_WRAPPER=/usr/lib/gcc/x86_64-linux-gnu/11/lto-wrapper
OFFLOAD_TARGET_NAMES=nvptx-none:amdgcn-amdhsa
OFFLOAD_TARGET_DEFAULT=1
Target: x86_64-linux-gnu
Configured with: ../src/configure -v --with-pkgversion='Ubuntu 11.4.0-1ubuntu1~22.04' --with-bugurl=file:///usr/share/doc/gcc-11/README.Bugs --enable-languages=c,ada,c++,go,brig,d,fortran,objc,obj-c++,m2 --prefix=/usr --with-gcc-major-version-only --program-suffix=-11 --program-prefix=x86_64-linux-gnu- --enable-shared --enable-linker-build-id --libexecdir=/usr/lib --without-included-gettext --enable-threads=posix --libdir=/usr/lib --enable-nls --enable-bootstrap --enable-clocale=gnu --enable-libstdcxx-debug --enable-libstdcxx-time=yes --with-default-libstdcxx-abi=new --enable-gnu-unique-object --disable-vtable-verify --enable-plugin --enable-default-pie --with-system-zlib --enable-libphobos-checking=release --with-target-system-zlib=auto --enable-objc-gc=auto --enable-multiarch --disable-werror --enable-cet --with-arch-32=i686 --with-abi=m64 --with-multilib-list=m32,m64,mx32 --enable-multilib --with-tune=generic --enable-offload-targets=nvptx-none=/build/gcc-11-XeT9lY/gcc-11-11.4.0/debian/tmp-nvptx/usr,amdgcn-amdhsa=/build/gcc-11-XeT9lY/gcc-11-11.4.0/debian/tmp-gcn/usr --without-cuda-driver --enable-checking=release --build=x86_64-linux-gnu --host=x86_64-linux-gnu --target=x86_64-linux-gnu --with-build-config=bootstrap-lto-lean --enable-link-serialization=2
Thread model: posix
Supported LTO compression algorithms: zlib zstd
gcc version 11.4.0 (Ubuntu 11.4.0-1ubuntu1~22.04) 
COMPILER_PATH=/usr/lib/gcc/x86_64-linux-gnu/11/:/usr/lib/gcc/x86_64-linux-gnu/11/:/usr/lib/gcc/x86_64-linux-gnu/:/usr/lib/gcc/x86_64-linux-gnu/11/:/usr/lib/gcc/x86_64-linux-gnu/
LIBRARY_PATH=/usr/lib/gcc/x86_64-linux-gnu/11/:/usr/lib/gcc/x86_64-linux-gnu/11/../../../x86_64-linux-gnu/:/usr/lib/gcc/x86_64-linux-gnu/11/../../../../lib/:/lib/x86_64-linux-gnu/:/lib/../lib/:/usr/lib/x86_64-linux-gnu/:/usr/lib/../lib/:/usr/lib/gcc/x86_64-linux-gnu/11/../../../:/lib/:/usr/lib/
COLLECT_GCC_OPTIONS='-v' '-o' 'cmTC_872f6' '-shared-libgcc' '-mtune=generic' '-march=x86-64' '-dumpdir' 'cmTC_872f6.'
 /usr/lib/gcc/x86_64-linux-gnu/11/collect2 -plugin /usr/lib/gcc/x86_64-linux-gnu/11/liblto_plugin.so -plugin-opt=/usr/lib/gcc/x86_64-linux-gnu/11/lto-wrapper -plugin-opt=-fresolution=/tmp/cc65mU3G.res -plugin-opt=-pass-through=-lgcc_s -plugin-opt=-pass-through=-lgcc -plugin-opt=-pass-through=-lc -plugin-opt=-pass-through=-lgcc_s -plugin-opt=-pass-through=-lgcc --build-id --eh-frame-hdr -m elf_x86_64 --hash-style=gnu --as-needed -dynamic-linker /lib64/ld-linux-x86-64.so.2 -pie -z now -z relro -o cmTC_872f6 /usr/lib/gcc/x86_64-linux-gnu/11/../../../x86_64-linux-gnu/Scrt1.o /usr/lib/gcc/x86_64-linux-gnu/11/../../../x86_64-linux-gnu/crti.o /usr/lib/gcc/x86_64-linux-gnu/11/crtbeginS.o -L/usr/lib/gcc/x86_64-linux-gnu/11 -L/usr/lib/gcc/x86_64-linux-gnu/11/../../../x86_64-linux-gnu -L/usr/lib/gcc/x86_64-linux-gnu/11/../../../../lib -L/lib/x86_64-linux-gnu -L/lib/../lib -L/usr/lib/x86_64-linux-gnu -L/usr/lib/../lib -L/usr/lib/gcc/x86_64-linux-gnu/11/../../.. CMakeFiles/cmTC_872f6.dir/CMakeCXXCompilerABI.cpp.o -lstdc++ -lm -lgcc_s -lgcc -lc -lgcc_s -lgcc /usr/lib/gcc/x86_64-linux-gnu/11/crtendS.o /usr/lib/gcc/x86_64-linux-gnu/11/../../../x86_64-linux-gnu/crtn.o
COLLECT_GCC_OPTIONS='-v' '-o' 'cmTC_872f6' '-shared-libgcc' '-mtune=generic' '-march=x86-64' '-dumpdir' 'cmTC_872f6.'
gmake[1]: Leaving directory '/home/raincut/stewart_mujoco/src/inverse_kinematics/build/CMakeFiles/CMakeTmp'



Parsed CXX implicit include dir info from above output: rv=done
  found start of include info
  found start of implicit include info
    add: [/usr/include/c++/11]
    add: [/usr/include/x86_64-linux-gnu/c++/11]
    add: [/usr/include/c++/11/backward]
    add: [/usr/lib/gcc/x86_64-linux-gnu/11/include]
    add: [/usr/local/include]
    add: [/usr/include/x86_64-linux-gnu]
    add: [/usr/include]
  end of search list found
  collapse include dir [/usr/include/c++/11] ==> [/usr/include/c++/11]
  collapse include dir [/usr/include/x86_64-linux-gnu/c++/11] ==> [/usr/include/x86_64-linux-gnu/c++/11]
  collapse include dir [/usr/include/c++/11/backward] ==> [/usr/include/c++/11/backward]
  collapse include dir [/usr/lib/gcc/x86_64-linux-gnu/11/include] ==> [/usr/lib/gcc/x86_64-linux-gnu/11/include]
  collapse include dir [/usr/local/include] ==> [/usr/local/include]
  collapse include dir [/usr/include/x86_64-linux-gnu] ==> [/usr/include/x86_64-linux-gnu]
  collapse include dir [/usr/include] ==> [/usr/include]
  implicit include dirs: [/usr/include/c++/11;/usr/include/x86_64-linux-gnu/c++/11;/usr/include/c++/11/backward;/usr/lib/gcc/x86_64-linux-gnu/11/include;/usr/local/include;/usr/include/x86_64-linux-gnu;/usr/include]


Parsed CXX implicit link information from above output:
  link line regex: [^( *|.*[/\])(ld|CMAKE_LINK_STARTFILE-NOTFOUND|([^/\]+-)?ld|collect2)[^/\]*( |$)]
  ignore line: [Change Dir: /home/raincut/stewart_mujoco/src/inverse_kinematics/build/CMakeFiles/CMakeTmp]
  ignore line: []
  ignore line: [Run Build Command(s):/usr/bin/gmake -f Makefile cmTC_872f6/fast && /usr/bin/gmake  -f CMakeFiles/cmTC_872f6.dir/build.make CMakeFiles/cmTC_872f6.dir/build]
  ignore line: [gmake[1]: Entering directory '/home/raincut/stewart_mujoco/src/inverse_kinematics/build/CMakeFiles/CMakeTmp']
  ignore line: [Building CXX object CMakeFiles/cmTC_872f6.dir/CMakeCXXCompilerABI.cpp.o]
  ignore line: [/usr/bin/c++   -v -o CMakeFiles/cmTC_872f6.dir/CMakeCXXCompilerABI.cpp.o -c /usr/share/cmake-3.22/Modules/CMakeCXXCompilerABI.cpp]
  ignore line: [Using built-in specs.]
  ignore line: [COLLECT_GCC=/usr/bin/c++]
  ignore line: [OFFLOAD_TARGET_NAMES=nvptx-none:amdgcn-amdhsa]
  ignore line: [OFFLOAD_TARGET_DEFAULT=1]
  ignore line: [Target: x86_64-linux-gnu]
  ignore line: [Configured with: ../src/configure -v --with-pkgversion='Ubuntu 11.4.0-1ubuntu1~22.04' --with-bugurl=file:///usr/share/doc/gcc-11/README.Bugs --enable-languages=c ada c++ go brig d fortran objc obj-c++ m2 --prefix=/usr --with-gcc-major-version-only --program-suffix=-11 --program-prefix=x86_64-linux-gnu- --enable-shared --enable-linker-build-id --libexecdir=/usr/lib --without-included-gettext --enable-threads=posix --libdir=/usr/lib --enable-nls --enable-bootstrap --enable-clocale=gnu --enable-libstdcxx-debug --enable-libstdcxx-time=yes --with-default-libstdcxx-abi=new --enable-gnu-unique-object --disable-vtable-verify --enable-plugin --enable-default-pie --with-system-zlib --enable-libphobos-checking=release --with-target-system-zlib=auto --enable-objc-gc=auto --enable-multiarch --disable-werror --enable-cet --with-arch-32=i686 --with-abi=m64 --with-multilib-list=m32 m64 mx32 --enable-multilib --with-tune=generic --enable-offload-targets=nvptx-none=/build/gcc-11-XeT9lY/gcc-11-11.4.0/debian/tmp-nvptx/usr amdgcn-amdhsa=/build/gcc-11-XeT9lY/gcc-11-11.4.0/debian/tmp-gcn/usr --without-cuda-driver --enable-checking=release --build=x86_64-linux-gnu --host=x86_64-linux-gnu --target=x86_64-linux-gnu --with-build-config=bootstrap-lto-lean --enable-link-serialization=2]
  ignore line: [Thread model: posix]
  ignore line: [Supported LTO compression algorithms: zlib zstd]
  ignore line: [gcc version 11.4.0 (Ubuntu 11.4.0-1ubuntu1~22.04) ]
  ignore line: [COLLECT_GCC_OPTIONS='-v' '-o' 'CMakeFiles/cmTC_872f6.dir/CMakeCXXCompilerABI.cpp.o' '-c' '-shared-libgcc' '-mtune=generic' '-march=x86-64' '-dumpdir' 'CMakeFiles/cmTC_872f6.dir/']
  ignore line: [ /usr/lib/gcc/x86_64-linux-gnu/11/cc1plus -quiet -v -imultiarch x86_64-linux-gnu -D_GNU_SOURCE /usr/share/cmake-3.22/Modules/CMakeCXXCompilerABI.cpp -quiet -dumpdir CMakeFiles/cmTC_872f6.dir/ -dumpbase CMakeCXXCompilerABI.cpp.cpp -dumpbase-ext .cpp -mtune=generic -march=x86-64 -version -fasynchronous-unwind-tables -fstack-protector-strong -Wformat -Wformat-security -fstack-clash-protection -fcf-protection -o /tmp/ccStrZ9f.s]
  ignore line: [GNU C++17 (Ubuntu 11.4.0-1ubuntu1~22.04) version 11.4.0 (x86_64-linux-gnu)]
  ignore line: [	compiled by GNU C version 11.4.0  GMP version 6.2.1  MPFR version 4.1.0  MPC version 1.2.1  isl version isl-0.24-GMP]
  ignore line: []
  ignore line: [GGC heuristics: --param ggc-min-expand=100 --param ggc-min-heapsize=131072]
  ignore line: [ignoring duplicate directory "/usr/include/x86_64-linux-gnu/c++/11"]
  ignore line: [ignoring nonexistent directory "/usr/local/include/x86_64-linux-gnu"]
  ignore line: [ignoring nonexistent directory "/usr/lib/gcc/x86_64-linux-gnu/11/include-fixed"]
  ignore line: [ignoring nonexistent directory "/usr/lib/gcc/x86_64-linux-gnu/11/../../../../x86_64-linux-gnu/include"]
  ignore line: [#include "..." search starts here:]
  ignore line: [#include <...> search starts here:]
  ignore line: [ /usr/include/c++/11]
  ignore line: [ /usr/include/x86_64-linux-gnu/c++/11]
  ignore line: [ /usr/include/c++/11/backward]
  ignore line: [ /usr/lib/gcc/x86_64-linux-gnu/11/include]
  ignore line: [ /usr/local/include]
  ignore line: [ /usr/include/x86_64-linux-gnu]
  ignore line: [ /usr/include]
  ignore line: [End of search list.]
  ignore line: [GNU C++17 (Ubuntu 11.4.0-1ubuntu1~22.04) version 11.4.0 (x86_64-linux-gnu)]
  ignore line: [	compiled by GNU C version 11.4.0  GMP version 6.2.1  MPFR version 4.1.0  MPC version 1.2.1  isl version isl-0.24-GMP]
  ignore line: []
  ignore line: [GGC heuristics: --param ggc-min-expand=100 --param ggc-min-heapsize=131072]
  ignore line: [Compiler executable checksum: d591828bb4d392ae8b7b160e5bb0b95f]
  ignore line: [COLLECT_GCC_OPTIONS='-v' '-o' 'CMakeFiles/cmTC_872f6.dir/CMakeCXXCompilerABI.cpp.o' '-c' '-shared-libgcc' '-mtune=generic' '-march=x86-64' '-dumpdir' 'CMakeFiles/cmTC_872f6.dir/']
  ignore line: [ as -v --64 -o CMakeFiles/cmTC_872f6.dir/CMakeCXXCompilerABI.cpp.o /tmp/ccStrZ9f.s]
  ignore line: [GNU assembler version 2.38 (x86_64-linux-gnu) using BFD version (GNU Binutils for Ubuntu) 2.38]
  ignore line: [COMPILER_PATH=/usr/lib/gcc/x86_64-linux-gnu/11/:/usr/lib/gcc/x86_64-linux-gnu/11/:/usr/lib/gcc/x86_64-linux-gnu/:/usr/lib/gcc/x86_64-linux-gnu/11/:/usr/lib/gcc/x86_64-linux-gnu/]
  ignore line: [LIBRARY_PATH=/usr/lib/gcc/x86_64-linux-gnu/11/:/usr/lib/gcc/x86_64-linux-gnu/11/../../../x86_64-linux-gnu/:/usr/lib/gcc/x86_64-linux-gnu/11/../../../../lib/:/lib/x86_64-linux-gnu/:/lib/../lib/:/usr/lib/x86_64-linux-gnu/:/usr/lib/../lib/:/usr/lib/gcc/x86_64-linux-gnu/11/../../../:/lib/:/usr/lib/]
  ignore line: [COLLECT_GCC_OPTIONS='-v' '-o' 'CMakeFiles/cmTC_872f6.dir/CMakeCXXCompilerABI.cpp.o' '-c' '-shared-libgcc' '-mtune=generic' '-march=x86-64' '-dumpdir' 'CMakeFiles/cmTC_872f6.dir/CMakeCXXCompilerABI.cpp.']
  ignore line: [Linking CXX executable cmTC_872f6]
  ignore line: [/usr/bin/cmake -E cmake_link_script CMakeFiles/cmTC_872f6.dir/link.txt --verbose=1]
  ignore line: [/usr/bin/c++  -v CMakeFiles/cmTC_872f6.dir/CMakeCXXCompilerABI.cpp.o -o cmTC_872f6 ]
  ignore line: [Using built-in specs.]
  ignore line: [COLLECT_GCC=/usr/bin/c++]
  ignore line: [COLLECT_LTO_WRAPPER=/usr/lib/gcc/x86_64-linux-gnu/11/lto-wrapper]
  ignore line: [OFFLOAD_TARGET_NAMES=nvptx-none:amdgcn-amdhsa]
  ignore line: [OFFLOAD_TARGET_DEFAULT=1]
  ignore line: [Target: x86_64-linux-gnu]
  ignore line: [Configured with: ../src/configure -v --with-pkgversion='Ubuntu 11.4.0-1ubuntu1~22.04' --with-bugurl=file:///usr/share/doc/gcc-11/README.Bugs --enable-languages=c ada c++ go brig d fortran objc obj-c++ m2 --prefix=/usr --with-gcc-major-version-only --program-suffix=-11 --program-prefix=x86_64-linux-gnu- --enable-shared --enable-linker-build-id --libexecdir=/usr/lib --without-included-gettext --enable-threads=posix --libdir=/usr/lib --enable-nls --enable-bootstrap --enable-clocale=gnu --enable-libstdcxx-debug --enable-libstdcxx-time=yes --with-default-libstdcxx-abi=new --enable-gnu-unique-object --disable-vtable-verify --enable-plugin --enable-default-pie --with-system-zlib --enable-libphobos-checking=release --with-target-system-zlib=auto --enable-objc-gc=auto --enable-multiarch --disable-werror --enable-cet --with-arch-32=i686 --with-abi=m64 --with-multilib-list=m32 m64 mx32 --enable-multilib --with-tune=generic --enable-offload-targets=nvptx-none=/build/gcc-11-XeT9lY/gcc-11-11.4.0/debian/tmp-nvptx/usr amdgcn-amdhsa=/build/gcc-11-XeT9lY/gcc-11-11.4.0/debian/tmp-gcn/usr --without-cuda-driver --enable-checking=release --build=x86_64-linux-gnu --host=x86_64-linux-gnu --target=x86_64-linux-gnu --with-build-config=bootstrap-lto-lean --enable-link-serialization=2]
  ignore line: [Thread model: posix]
  ignore line: [Supported LTO compression algorithms: zlib zstd]
  ignore line: [gcc version 11.4.0 (Ubuntu 11.4.0-1ubuntu1~22.04) ]
  ignore line: [COMPILER_PATH=/usr/lib/gcc/x86_64-linux-gnu/11/:/usr/lib/gcc/x86_64-linux-gnu/11/:/usr/lib/gcc/x86_64-linux-gnu/:/usr/lib/gcc/x86_64-linux-gnu/11/:/usr/lib/gcc/x86_64-linux-gnu/]
  ignore line: [LIBRARY_PATH=/usr/lib/gcc/x86_64-linux-gnu/11/:/usr/lib/gcc/x86_64-linux-gnu/11/../../../x86_64-linux-gnu/:/usr/lib/gcc/x86_64-linux-gnu/11/../../../../lib/:/lib/x86_64-linux-gnu/:/lib/../lib/:/usr/lib/x86_64-linux-gnu/:/usr/lib/../lib/:/usr/lib/gcc/x86_64-linux-gnu/11/../../../:/lib/:/usr/lib/]
  ignore line: [COLLECT_GCC_OPTIONS='-v' '-o' 'cmTC_872f6' '-shared-libgcc' '-mtune=generic' '-march=x86-64' '-dumpdir' 'cmTC_872f6.']
  link line: [ /usr/lib/gcc/x86_64-linux-gnu/11/collect2 -plugin /usr/lib/gcc/x86_64-linux-gnu/11/liblto_plugin.so -plugin-opt=/usr/lib/gcc/x86_64-linux-gnu/11/lto-wrapper -plugin-opt=-fresolution=/tmp/cc65mU3G.res -plugin-opt=-pass-through=-lgcc_s -plugin-opt=-pass-through=-lgcc -plugin-opt=-pass-through=-lc -plugin-opt=-pass-through=-lgcc_s -plugin-opt=-pass-through=-lgcc --build-id --eh-frame-hdr -m elf_x86_64 --hash-style=gnu --as-needed -dynamic-linker /lib64/ld-linux-x86-64.so.2 -pie -z now -z relro -o cmTC_872f6 /usr/lib/gcc/x86_64-linux-gnu/11/../../../x86_64-linux-gnu/Scrt1.o /usr/lib/gcc/x86_64-linux-gnu/11/../../../x86_64-linux-gnu/crti.o /usr/lib/gcc/x86_64-linux-gnu/11/crtbeginS.o -L/usr/lib/gcc/x86_64-linux-gnu/11 -L/usr/lib/gcc/x86_64-linux-gnu/11/../../../x86_64-linux-gnu -L/usr/lib/gcc/x86_64-linux-gnu/11/../../../../lib -L/lib/x86_64-linux-gnu -L/lib/../lib -L/usr/lib/x86_64-linux-gnu -L/usr/lib/../lib -L/usr/lib/gcc/x86_64-linux-gnu/11/../../.. CMakeFiles/cmTC_872f6.dir/CMakeCXXCompilerABI.cpp.o -lstdc++ -lm -lgcc_s -lgcc -lc -lgcc_s -lgcc /usr/lib/gcc/x86_64-linux-gnu/11/crtendS.o /usr/lib/gcc/x86_64-linux-gnu/11/../../../x86_64-linux-gnu/crtn.o]
    arg [/usr/lib/gcc/x86_64-linux-gnu/11/collect2] ==> ignore
    arg [-plugin] ==> ignore
    arg [/usr/lib/gcc/x86_64-linux-gnu/11/liblto_plugin.so] ==> ignore
    arg [-plugin-opt=/usr/lib/gcc/x86_64-linux-gnu/11/lto-wrapper] ==> ignore
    arg [-plugin-opt=-fresolution=/tmp/cc65mU3G.res] ==> ignore
    arg [-plugin-opt=-pass-through=-lgcc_s] ==> ignore
    arg [-plugin-opt=-pass-through=-lgcc] ==> ignore
    arg [-plugin-opt=-pass-through=-lc] ==> ignore
    arg [-plugin-opt=-pass-through=-lgcc_s] ==> ignore
    arg [-plugin-opt=-pass-through=-lgcc] ==> ignore
    arg [--build-id] ==> ignore
    arg [--eh-frame-hdr] ==> ignore
    arg [-m] ==> ignore
    arg [elf_x86_64] ==> ignore
    arg [--hash-style=gnu] ==> ignore
    arg [--as-needed] ==> ignore
    arg [-dynamic-linker] ==> ignore
    arg [/lib64/ld-linux-x86-64.so.2] ==> ignore
    arg [-pie] ==> ignore
    arg [-znow] ==> ignore
    arg [-zrelro] ==> ignore
    arg [-o] ==> ignore
    arg [cmTC_872f6] ==> ignore
    arg [/usr/lib/gcc/x86_64-linux-gnu/11/../../../x86_64-linux-gnu/Scrt1.o] ==> obj [/usr/lib/gcc/x86_64-linux-gnu/11/../../../x86_64-linux-gnu/Scrt1.o]
    arg [/usr/lib/gcc/x86_64-linux-gnu/11/../../../x86_64-linux-gnu/crti.o] ==> obj [/usr/lib/gcc/x86_64-linux-gnu/11/../../../x86_64-linux-gnu/crti.o]
    arg [/usr/lib/gcc/x86_64-linux-gnu/11/crtbeginS.o] ==> obj [/usr/lib/gcc/x86_64-linux-gnu/11/crtbeginS.o]
    arg [-L/usr/lib/gcc/x86_64-linux-gnu/11] ==> dir [/usr/lib/gcc/x86_64-linux-gnu/11]
    arg [-L/usr/lib/gcc/x86_64-linux-gnu/11/../../../x86_64-linux-gnu] ==> dir [/usr/lib/gcc/x86_64-linux-gnu/11/../../../x86_64-linux-gnu]
    arg [-L/usr/lib/gcc/x86_64-linux-gnu/11/../../../../lib] ==> dir [/usr/lib/gcc/x86_64-linux-gnu/11/../../../../lib]
    arg [-L/lib/x86_64-linux-gnu] ==> dir [/lib/x86_64-linux-gnu]
    arg [-L/lib/../lib] ==> dir [/lib/../lib]
    arg [-L/usr/lib/x86_64-linux-gnu] ==> dir [/usr/lib/x86_64-linux-gnu]
    arg [-L/usr/lib/../lib] ==> dir [/usr/lib/../lib]
    arg [-L/usr/lib/gcc/x86_64-linux-gnu/11/../../..] ==> dir [/usr/lib/gcc/x86_64-linux-gnu/11/../../..]
    arg [CMakeFiles/cmTC_872f6.dir/CMakeCXXCompilerABI.cpp.o] ==> ignore
    arg [-lstdc++] ==> lib [stdc++]
    arg [-lm] ==> lib [m]
    arg [-lgcc_s] ==> lib [gcc_s]
    arg [-lgcc] ==> lib [gcc]
    arg [-lc] ==> lib [c]
    arg [-lgcc_s] ==> lib [gcc_s]
    arg [-lgcc] ==> lib [gcc]
    arg [/usr/lib/gcc/x86_64-linux-gnu/11/crtendS.o] ==> obj [/usr/lib/gcc/x86_64-linux-gnu/11/crtendS.o]
    arg [/usr/lib/gcc/x86_64-linux-gnu/11/../../../x86_64-linux-gnu/crtn.o] ==> obj [/usr/lib/gcc/x86_64-linux-gnu/11/../../../x86_64-linux-gnu/crtn.o]
  collapse obj [/usr/lib/gcc/x86_64-linux-gnu/11/../../../x86_64-linux-gnu/Scrt1.o] ==> [/usr/lib/x86_64-linux-gnu/Scrt1.o]
  collapse obj [/usr/lib/gcc/x86_64-linux-gnu/11/../../../x86_64-linux-gnu/crti.o] ==> [/usr/lib/x86_64-linux-gnu/crti.o]
  collapse obj [/usr/lib/gcc/x86_64-linux-gnu/11/../../../x86_64-linux-gnu/crtn.o] ==> [/usr/lib/x86_64-linux-gnu/crtn.o]
  collapse library dir [/usr/lib/gcc/x86_64-linux-gnu/11] ==> [/usr/lib/gcc/x86_64-linux-gnu/11]
  collapse library dir [/usr/lib/gcc/x86_64-linux-gnu/11/../../../x86_64-linux-gnu] ==> [/usr/lib/x86_64-linux-gnu]
  collapse library dir [/usr/lib/gcc/x86_64-linux-gnu/11/../../../../lib] ==> [/usr/lib]
  collapse library dir [/lib/x86_64-linux-gnu] ==> [/lib/x86_64-linux-gnu]
  collapse library dir [/lib/../lib] ==> [/lib]
  collapse library dir [/usr/lib/x86_64-linux-gnu] ==> [/usr/lib/x86_64-linux-gnu]
  collapse library dir [/usr/lib/../lib] ==> [/usr/lib]
  collapse library dir [/usr/lib/gcc/x86_64-linux-gnu/11/../../..] ==> [/usr/lib]
  implicit libs: [stdc++;m;gcc_s;gcc;c;gcc_s;gcc]
  implicit objs: [/usr/lib/x86_64-linux-gnu/Scrt1.o;/usr/lib/x86_64-linux-gnu/crti.o;/usr/lib/gcc/x86_64-linux-gnu/11/crtbeginS.o;/usr/lib/gcc/x86_64-linux-gnu/11/crtendS.o;/usr/lib/x86_64-linux-gnu/crtn.o]
  implicit dirs: [/usr/lib/gcc/x86_64-linux-gnu/11;/usr/lib/x86_64-linux-gnu;/usr/lib;/lib/x86_64-linux-gnu;/lib]
  implicit fwks: []


Performing C++ SOURCE FILE Test HAS_FLTO succeeded with the following output:
Change Dir: /home/raincut/stewart_mujoco/src/inverse_kinematics/build/CMakeFiles/CMakeTmp

Run Build Command(s):/usr/bin/gmake -f Makefile cmTC_fd66a/fast && /usr/bin/gmake  -f CMakeFiles/cmTC_fd66a.dir/build.make CMakeFiles/cmTC_fd66a.dir/build
gmake[1]: Entering directory '/home/raincut/stewart_mujoco/src/inverse_kinematics/build/CMakeFiles/CMakeTmp'
Building CXX object CMakeFiles/cmTC_fd66a.dir/src.cxx.o
/usr/bin/c++ -DHAS_FLTO  -std=c++11    -flto -fno-fat-lto-objects -o CMakeFiles/cmTC_fd66a.dir/src.cxx.o -c /home/raincut/stewart_mujoco/src/inverse_kinematics/build/CMakeFiles/CMakeTmp/src.cxx
Linking CXX executable cmTC_fd66a
/usr/bin/cmake -E cmake_link_script CMakeFiles/cmTC_fd66a.dir/link.txt --verbose=1
/usr/bin/c++ -std=c++11  CMakeFiles/cmTC_fd66a.dir/src.cxx.o -o cmTC_fd66a  -flto 
gmake[1]: Leaving directory '/home/raincut/stewart_mujoco/src/inverse_kinematics/build/CMakeFiles/CMakeTmp'


Source file was:
int main() { return 0; }
